<?xml version="1.0" encoding="UTF-8"?>
<testsuite name="com.example.project.TestUser" tests="2" skipped="0" failures="0" errors="0" timestamp="2025-01-26T16:58:24" hostname="codespaces-61f314" time="0.092">
  <properties/>
  <testcase name="testUserConstructor()" classname="com.example.project.TestUser" time="0.084"/>
  <testcase name="testUserInfo()" classname="com.example.project.TestUser" time="0.003"/>
  <system-out><![CDATA[]]></system-out>
  <system-err><![CDATA[]]></system-err>
</testsuite>
