<?xml version="1.0" encoding="UTF-8"?>
<testsuite name="com.example.project.TestUser" tests="2" skipped="0" failures="0" errors="0" timestamp="2025-01-26T04:35:54" hostname="codespaces-61f314" time="0.059">
  <properties/>
  <testcase name="testUserConstructor()" classname="com.example.project.TestUser" time="0.049"/>
  <testcase name="testUserInfo()" classname="com.example.project.TestUser" time="0.007"/>
  <system-out><![CDATA[]]></system-out>
  <system-err><![CDATA[]]></system-err>
</testsuite>
